<?xml version='1.0' encoding='UTF-8'?>
<repository xmlns="http://www.osgi.org/xmlns/repository/v1.0.0" name="app" increment="1677045694368">
  <resource>
    <capability namespace="osgi.identity">
      <attribute name="license" value="http://www.apache.org/licenses/LICENSE-2.0.txt"/>
      <attribute name="osgi.identity" value="org.apache.felix.webconsole"/>
      <attribute name="type" value="osgi.bundle"/>
      <attribute name="version" value="4.3.4" type="Version"/>
      <attribute name="documentation" value="http://felix.apache.org/site/apache-felix-web-console.html"/>
    </capability>
    <capability namespace="osgi.wiring.package">
      <directive name="uses" value="javax.servlet,javax.servlet.http,org.osgi.framework"/>
      <attribute name="bundle-symbolic-name" value="org.apache.felix.webconsole"/>
      <attribute name="bundle-version" value="4.3.4" type="Version"/>
      <attribute name="version" value="3.3.0" type="Version"/>
      <attribute name="osgi.wiring.package" value="org.apache.felix.webconsole"/>
      <attribute name="bnd.hashes" value="1165,-1183302314,-1030560552,-357847980,216828462,1415495268,-198628721,-1382742301,-65076929,-1176072600,-1560347966,1790414092,1650484980,-374573122,-374573121,-1087712731" type="List&lt;Long&gt;"/>
    </capability>
    <capability namespace="osgi.wiring.package">
      <directive name="uses" value="org.osgi.framework"/>
      <attribute name="bundle-symbolic-name" value="org.apache.felix.webconsole"/>
      <attribute name="bundle-version" value="4.3.4" type="Version"/>
      <attribute name="version" value="1.0.0" type="Version"/>
      <attribute name="osgi.wiring.package" value="org.apache.felix.webconsole.bundleinfo"/>
      <attribute name="bnd.hashes" value="-924593040,-2000761215,1361846218" type="List&lt;Long&gt;"/>
    </capability>
    <capability namespace="osgi.wiring.package">
      <directive name="uses" value="org.osgi.framework"/>
      <attribute name="bundle-symbolic-name" value="org.apache.felix.webconsole"/>
      <attribute name="bundle-version" value="4.3.4" type="Version"/>
      <attribute name="version" value="1.0.0" type="Version"/>
      <attribute name="osgi.wiring.package" value="org.apache.felix.webconsole.i18n"/>
      <attribute name="bnd.hashes" value="-1767282745" type="List&lt;Long&gt;"/>
    </capability>
    <capability namespace="osgi.wiring.bundle">
      <attribute name="bundle-version" value="4.3.4" type="Version"/>
      <attribute name="osgi.wiring.bundle" value="org.apache.felix.webconsole"/>
    </capability>
    <capability namespace="osgi.wiring.host">
      <attribute name="bundle-version" value="4.3.4" type="Version"/>
      <attribute name="osgi.wiring.host" value="org.apache.felix.webconsole"/>
    </capability>
    <capability namespace="osgi.content">
      <attribute name="size" value="477594" type="Long"/>
      <attribute name="url" value="file:/home/vietmaihoang/.m2/repository/org/apache/felix/org.apache.felix.webconsole/4.3.4/org.apache.felix.webconsole-4.3.4.jar"/>
      <attribute name="mime" value="application/vnd.osgi.bundle"/>
      <attribute name="osgi.content" value="40E426C13F908DAB716241C96B208BE73FD4188629C187B3991ACB9F340CFF8A"/>
    </capability>
    <requirement namespace="osgi.wiring.package">
      <directive name="filter" value="(&amp;(osgi.wiring.package=javax.servlet)(version&gt;=2.4.0)(!(version&gt;=4.0.0)))"/>
      <attribute name="osgi.wiring.package" value="javax.servlet"/>
    </requirement>
    <requirement namespace="osgi.wiring.package">
      <directive name="filter" value="(&amp;(osgi.wiring.package=javax.servlet.http)(version&gt;=2.4.0)(!(version&gt;=4.0.0)))"/>
      <attribute name="osgi.wiring.package" value="javax.servlet.http"/>
    </requirement>
    <requirement namespace="osgi.wiring.package">
      <directive name="filter" value="(&amp;(osgi.wiring.package=org.apache.commons.io)(version&gt;=1.4.0)(!(version&gt;=3.0.0)))"/>
      <attribute name="osgi.wiring.package" value="org.apache.commons.io"/>
    </requirement>
    <requirement namespace="osgi.wiring.package">
      <directive name="filter" value="(&amp;(osgi.wiring.package=org.apache.commons.fileupload)(version&gt;=1.2.0)(!(version&gt;=2.0.0)))"/>
      <attribute name="osgi.wiring.package" value="org.apache.commons.fileupload"/>
    </requirement>
    <requirement namespace="osgi.wiring.package">
      <directive name="filter" value="(&amp;(osgi.wiring.package=org.apache.commons.fileupload.disk)(version&gt;=1.2.0)(!(version&gt;=2.0.0)))"/>
      <attribute name="osgi.wiring.package" value="org.apache.commons.fileupload.disk"/>
    </requirement>
    <requirement namespace="osgi.wiring.package">
      <directive name="filter" value="(&amp;(osgi.wiring.package=org.apache.commons.fileupload.servlet)(version&gt;=1.2.0)(!(version&gt;=2.0.0)))"/>
      <attribute name="osgi.wiring.package" value="org.apache.commons.fileupload.servlet"/>
    </requirement>
    <requirement namespace="osgi.wiring.package">
      <directive name="filter" value="(&amp;(osgi.wiring.package=org.apache.felix.webconsole)(version&gt;=3.3.0)(!(version&gt;=3.4.0)))"/>
      <attribute name="osgi.wiring.package" value="org.apache.felix.webconsole"/>
    </requirement>
    <requirement namespace="osgi.wiring.package">
      <directive name="filter" value="(&amp;(osgi.wiring.package=org.apache.felix.webconsole.bundleinfo)(version&gt;=1.0.0)(!(version&gt;=1.1.0)))"/>
      <attribute name="osgi.wiring.package" value="org.apache.felix.webconsole.bundleinfo"/>
    </requirement>
    <requirement namespace="osgi.wiring.package">
      <directive name="filter" value="(&amp;(osgi.wiring.package=org.osgi.framework)(version&gt;=1.6.0)(!(version&gt;=2.0.0)))"/>
      <attribute name="osgi.wiring.package" value="org.osgi.framework"/>
    </requirement>
    <requirement namespace="osgi.wiring.package">
      <directive name="filter" value="(&amp;(osgi.wiring.package=org.osgi.service.http)(version&gt;=1.2.0)(!(version&gt;=2.0.0)))"/>
      <attribute name="osgi.wiring.package" value="org.osgi.service.http"/>
    </requirement>
    <requirement namespace="osgi.wiring.package">
      <directive name="filter" value="(&amp;(osgi.wiring.package=org.osgi.service.packageadmin)(version&gt;=1.2.0)(!(version&gt;=2.0.0)))"/>
      <attribute name="osgi.wiring.package" value="org.osgi.service.packageadmin"/>
    </requirement>
    <requirement namespace="osgi.wiring.package">
      <directive name="filter" value="(&amp;(osgi.wiring.package=org.osgi.service.startlevel)(version&gt;=1.1.0)(!(version&gt;=2.0.0)))"/>
      <attribute name="osgi.wiring.package" value="org.osgi.service.startlevel"/>
    </requirement>
    <requirement namespace="osgi.wiring.package">
      <directive name="filter" value="(&amp;(osgi.wiring.package=org.osgi.util.tracker)(version&gt;=1.3.0)(!(version&gt;=2.0.0)))"/>
      <attribute name="osgi.wiring.package" value="org.osgi.util.tracker"/>
    </requirement>
    <requirement namespace="osgi.ee">
      <directive name="filter" value="(&amp;(osgi.ee=JavaSE)(version=1.6))"/>
    </requirement>
  </resource>
  <resource>
    <capability namespace="osgi.identity">
      <attribute name="license" value="http://www.apache.org/licenses/LICENSE-2.0.txt"/>
      <attribute name="osgi.identity" value="org.apache.felix.webconsole.plugins.ds"/>
      <attribute name="type" value="osgi.bundle"/>
      <attribute name="version" value="2.0.8" type="Version"/>
      <attribute name="documentation" value="http://www.apache.org/"/>
    </capability>
    <capability namespace="osgi.wiring.bundle">
      <attribute name="bundle-version" value="2.0.8" type="Version"/>
      <attribute name="osgi.wiring.bundle" value="org.apache.felix.webconsole.plugins.ds"/>
    </capability>
    <capability namespace="osgi.wiring.host">
      <attribute name="bundle-version" value="2.0.8" type="Version"/>
      <attribute name="osgi.wiring.host" value="org.apache.felix.webconsole.plugins.ds"/>
    </capability>
    <capability namespace="osgi.content">
      <attribute name="size" value="46610" type="Long"/>
      <attribute name="url" value="file:/home/vietmaihoang/.m2/repository/org/apache/felix/org.apache.felix.webconsole.plugins.ds/2.0.8/org.apache.felix.webconsole.plugins.ds-2.0.8.jar"/>
      <attribute name="mime" value="application/vnd.osgi.bundle"/>
      <attribute name="osgi.content" value="94E37DA01C9A771045C0A6F3B29FB03A72CD77479E269F7B26E7E9557D7CE9F8"/>
    </capability>
    <requirement namespace="osgi.wiring.package">
      <directive name="filter" value="(&amp;(osgi.wiring.package=org.osgi.service.cm)(version&gt;=1.2.0)(!(version&gt;=2.0.0)))"/>
      <directive name="resolution" value="optional"/>
      <attribute name="osgi.wiring.package" value="org.osgi.service.cm"/>
    </requirement>
    <requirement namespace="osgi.wiring.package">
      <directive name="filter" value="(&amp;(osgi.wiring.package=org.osgi.service.metatype)(version&gt;=1.2.0)(!(version&gt;=2.0.0)))"/>
      <directive name="resolution" value="optional"/>
      <attribute name="osgi.wiring.package" value="org.osgi.service.metatype"/>
    </requirement>
    <requirement namespace="osgi.wiring.package">
      <directive name="filter" value="(osgi.wiring.package=javax.servlet)"/>
      <attribute name="osgi.wiring.package" value="javax.servlet"/>
    </requirement>
    <requirement namespace="osgi.wiring.package">
      <directive name="filter" value="(osgi.wiring.package=javax.servlet.http)"/>
      <attribute name="osgi.wiring.package" value="javax.servlet.http"/>
    </requirement>
    <requirement namespace="osgi.wiring.package">
      <directive name="filter" value="(&amp;(osgi.wiring.package=org.apache.felix.inventory)(version&gt;=1.0.0)(!(version&gt;=2.0.0)))"/>
      <attribute name="osgi.wiring.package" value="org.apache.felix.inventory"/>
    </requirement>
    <requirement namespace="osgi.wiring.package">
      <directive name="filter" value="(&amp;(osgi.wiring.package=org.apache.felix.webconsole)(version&gt;=3.1.0)(!(version&gt;=4.0.0)))"/>
      <attribute name="osgi.wiring.package" value="org.apache.felix.webconsole"/>
    </requirement>
    <requirement namespace="osgi.wiring.package">
      <directive name="filter" value="(&amp;(osgi.wiring.package=org.apache.felix.webconsole.bundleinfo)(version&gt;=1.0.0)(!(version&gt;=2.0.0)))"/>
      <attribute name="osgi.wiring.package" value="org.apache.felix.webconsole.bundleinfo"/>
    </requirement>
    <requirement namespace="osgi.wiring.package">
      <directive name="filter" value="(&amp;(osgi.wiring.package=org.apache.felix.webconsole.i18n)(version&gt;=1.0.0)(!(version&gt;=2.0.0)))"/>
      <attribute name="osgi.wiring.package" value="org.apache.felix.webconsole.i18n"/>
    </requirement>
    <requirement namespace="osgi.wiring.package">
      <directive name="filter" value="(&amp;(osgi.wiring.package=org.osgi.framework)(version&gt;=1.8.0)(!(version&gt;=2.0.0)))"/>
      <attribute name="osgi.wiring.package" value="org.osgi.framework"/>
    </requirement>
    <requirement namespace="osgi.wiring.package">
      <directive name="filter" value="(&amp;(osgi.wiring.package=org.osgi.framework.dto)(version&gt;=1.8.0)(!(version&gt;=2.0.0)))"/>
      <attribute name="osgi.wiring.package" value="org.osgi.framework.dto"/>
    </requirement>
    <requirement namespace="osgi.wiring.package">
      <directive name="filter" value="(&amp;(osgi.wiring.package=org.osgi.service.component.runtime)(version&gt;=1.3.0)(!(version&gt;=2.0.0)))"/>
      <attribute name="osgi.wiring.package" value="org.osgi.service.component.runtime"/>
    </requirement>
    <requirement namespace="osgi.wiring.package">
      <directive name="filter" value="(&amp;(osgi.wiring.package=org.osgi.service.component.runtime.dto)(version&gt;=1.3.0)(!(version&gt;=2.0.0)))"/>
      <attribute name="osgi.wiring.package" value="org.osgi.service.component.runtime.dto"/>
    </requirement>
    <requirement namespace="osgi.wiring.package">
      <directive name="filter" value="(&amp;(osgi.wiring.package=org.osgi.util.promise)(version&gt;=1.0.0)(!(version&gt;=2.0.0)))"/>
      <attribute name="osgi.wiring.package" value="org.osgi.util.promise"/>
    </requirement>
    <requirement namespace="osgi.wiring.package">
      <directive name="filter" value="(&amp;(osgi.wiring.package=org.osgi.util.tracker)(version&gt;=1.5.0)(!(version&gt;=2.0.0)))"/>
      <attribute name="osgi.wiring.package" value="org.osgi.util.tracker"/>
    </requirement>
    <requirement namespace="osgi.ee">
      <directive name="filter" value="(&amp;(osgi.ee=JavaSE)(version=1.5))"/>
    </requirement>
  </resource>
  <resource>
    <capability namespace="osgi.identity">
      <attribute name="license" value="http://www.apache.org/licenses/LICENSE-2.0.txt"/>
      <attribute name="osgi.identity" value="org.apache.felix.inventory"/>
      <attribute name="type" value="osgi.bundle"/>
      <attribute name="version" value="1.0.4" type="Version"/>
      <attribute name="documentation" value="http://www.apache.org/"/>
    </capability>
    <capability namespace="osgi.wiring.package">
      <attribute name="bundle-symbolic-name" value="org.apache.felix.inventory"/>
      <attribute name="bundle-version" value="1.0.4" type="Version"/>
      <attribute name="version" value="1.0.0" type="Version"/>
      <attribute name="osgi.wiring.package" value="org.apache.felix.inventory"/>
      <attribute name="bnd.hashes" value="2110055447,1190693694,1415425301" type="List&lt;Long&gt;"/>
    </capability>
    <capability namespace="osgi.wiring.bundle">
      <attribute name="bundle-version" value="1.0.4" type="Version"/>
      <attribute name="osgi.wiring.bundle" value="org.apache.felix.inventory"/>
    </capability>
    <capability namespace="osgi.wiring.host">
      <attribute name="bundle-version" value="1.0.4" type="Version"/>
      <attribute name="osgi.wiring.host" value="org.apache.felix.inventory"/>
    </capability>
    <capability namespace="osgi.content">
      <attribute name="size" value="51176" type="Long"/>
      <attribute name="url" value="file:/home/vietmaihoang/.m2/repository/org/apache/felix/org.apache.felix.inventory/1.0.4/org.apache.felix.inventory-1.0.4.jar"/>
      <attribute name="mime" value="application/vnd.osgi.bundle"/>
      <attribute name="osgi.content" value="84784CD914A48D95A81329E6E3CB4586C344A020021300405B2C82058429439B"/>
    </capability>
    <requirement namespace="osgi.wiring.package">
      <directive name="filter" value="(&amp;(osgi.wiring.package=org.apache.felix.inventory)(version&gt;=1.0.0)(!(version&gt;=2.0.0)))"/>
      <attribute name="osgi.wiring.package" value="org.apache.felix.inventory"/>
    </requirement>
    <requirement namespace="osgi.wiring.package">
      <directive name="filter" value="(&amp;(osgi.wiring.package=org.osgi.framework)(version&gt;=1.5.0)(!(version&gt;=2.0.0)))"/>
      <attribute name="osgi.wiring.package" value="org.osgi.framework"/>
    </requirement>
    <requirement namespace="osgi.wiring.package">
      <directive name="filter" value="(&amp;(osgi.wiring.package=org.osgi.service.log)(version&gt;=1.3.0)(!(version&gt;=2.0.0)))"/>
      <attribute name="osgi.wiring.package" value="org.osgi.service.log"/>
    </requirement>
    <requirement namespace="osgi.wiring.package">
      <directive name="filter" value="(&amp;(osgi.wiring.package=org.osgi.util.tracker)(version&gt;=1.4.0)(!(version&gt;=2.0.0)))"/>
      <attribute name="osgi.wiring.package" value="org.osgi.util.tracker"/>
    </requirement>
  </resource>
  <resource>
    <capability namespace="osgi.identity">
      <attribute name="license" value="http://www.apache.org/licenses/LICENSE-2.0.txt"/>
      <attribute name="osgi.identity" value="org.apache.felix.gogo.shell"/>
      <attribute name="type" value="osgi.bundle"/>
      <attribute name="version" value="1.0.0" type="Version"/>
      <attribute name="documentation" value="http://www.apache.org/"/>
    </capability>
    <capability namespace="osgi.wiring.bundle">
      <attribute name="bundle-version" value="1.0.0" type="Version"/>
      <attribute name="osgi.wiring.bundle" value="org.apache.felix.gogo.shell"/>
    </capability>
    <capability namespace="osgi.wiring.host">
      <attribute name="bundle-version" value="1.0.0" type="Version"/>
      <attribute name="osgi.wiring.host" value="org.apache.felix.gogo.shell"/>
    </capability>
    <capability namespace="osgi.content">
      <attribute name="size" value="57662" type="Long"/>
      <attribute name="url" value="file:/home/vietmaihoang/.m2/repository/org/apache/felix/org.apache.felix.gogo.shell/1.0.0/org.apache.felix.gogo.shell-1.0.0.jar"/>
      <attribute name="mime" value="application/vnd.osgi.bundle"/>
      <attribute name="osgi.content" value="BDA2C61372A924739778F8D3A75794E11753A056AFE9FE94ED06E14D441F1B6E"/>
    </capability>
    <requirement namespace="osgi.wiring.package">
      <directive name="filter" value="(&amp;(osgi.wiring.package=org.apache.felix.service.command)(version&gt;=1.0.0)(!(version&gt;=2.0.0)))"/>
      <attribute name="osgi.wiring.package" value="org.apache.felix.service.command"/>
    </requirement>
    <requirement namespace="osgi.wiring.package">
      <directive name="filter" value="(&amp;(osgi.wiring.package=org.osgi.framework)(version&gt;=1.6.0)(!(version&gt;=2.0.0)))"/>
      <attribute name="osgi.wiring.package" value="org.osgi.framework"/>
    </requirement>
    <requirement namespace="osgi.wiring.package">
      <directive name="filter" value="(&amp;(osgi.wiring.package=org.osgi.service.startlevel)(version&gt;=1.1.0)(!(version&gt;=2.0.0)))"/>
      <attribute name="osgi.wiring.package" value="org.osgi.service.startlevel"/>
    </requirement>
    <requirement namespace="osgi.wiring.package">
      <directive name="filter" value="(&amp;(osgi.wiring.package=org.osgi.util.tracker)(version&gt;=1.5.0)(!(version&gt;=2.0.0)))"/>
      <attribute name="osgi.wiring.package" value="org.osgi.util.tracker"/>
    </requirement>
    <requirement namespace="osgi.ee">
      <directive name="filter" value="(&amp;(osgi.ee=JavaSE)(version=1.7))"/>
    </requirement>
  </resource>
  <resource>
    <capability namespace="osgi.identity">
      <attribute name="license" value="http://www.apache.org/licenses/LICENSE-2.0.txt"/>
      <attribute name="osgi.identity" value="org.apache.felix.gogo.runtime"/>
      <attribute name="type" value="osgi.bundle"/>
      <attribute name="version" value="1.0.10" type="Version"/>
      <attribute name="documentation" value="http://www.apache.org/"/>
    </capability>
    <capability namespace="osgi.wiring.package">
      <attribute name="bundle-symbolic-name" value="org.apache.felix.gogo.runtime"/>
      <attribute name="bundle-version" value="1.0.10" type="Version"/>
      <attribute name="version" value="1.0.0" type="Version"/>
      <attribute name="osgi.wiring.package" value="org.apache.felix.service.command"/>
      <attribute name="bnd.hashes" value="1073665447,1112708845,-426160917,-42575169,1654237568,1245097871,1445582840,76747062,74653,205348721,-336538743,1355134543,-1850559427" type="List&lt;Long&gt;"/>
    </capability>
    <capability namespace="osgi.wiring.package">
      <attribute name="bundle-symbolic-name" value="org.apache.felix.gogo.runtime"/>
      <attribute name="bundle-version" value="1.0.10" type="Version"/>
      <attribute name="version" value="1.0.0" type="Version"/>
      <attribute name="osgi.wiring.package" value="org.apache.felix.service.threadio"/>
      <attribute name="bnd.hashes" value="1538269392" type="List&lt;Long&gt;"/>
    </capability>
    <capability namespace="osgi.wiring.package">
      <directive name="uses" value="org.apache.felix.service.command,org.apache.felix.service.threadio,org.osgi.framework"/>
      <attribute name="bundle-symbolic-name" value="org.apache.felix.gogo.runtime"/>
      <attribute name="bundle-version" value="1.0.10" type="Version"/>
      <attribute name="version" value="1.0.10" type="Version"/>
      <attribute name="osgi.wiring.package" value="org.apache.felix.gogo.runtime"/>
      <attribute name="bnd.hashes" value="919411700,733481766,-1763761637,-1303848779,-740261785,2106664451,1165,-1456917831,774223275,-835551604,226431161,36163,36164,36165,1166,1167,1168,1169,1170,1171,1172,1173,290696323,801731612,-1874456345,36166,36167,36168,36169,36170,36171,36172,36194,36195,36196,36197,36198,36199,36200,36201,36202,36203,36225,36226,36227,36228,36229,36230,36231,36232,36233,36234,36256,36257,36258,36259,36260,36261,36262,36263,36264,36265,-1540979183,1095940369,883051546,-1147018264,1891349971,952008063,-1079760664,1111638069,-633426093,-1828793664,198012600,-1587804011,1094187157,847868279,-2027977842,-951276826,-328071744,770340869,1434268075,-1911543745,1342102478,-1171743348,34802017,2487758,627165467,1615877061,80988633,2146092791" type="List&lt;Long&gt;"/>
    </capability>
    <capability namespace="osgi.wiring.package">
      <directive name="uses" value="org.apache.felix.gogo.runtime,org.apache.felix.service.command,org.apache.felix.service.threadio,org.osgi.framework"/>
      <attribute name="bundle-symbolic-name" value="org.apache.felix.gogo.runtime"/>
      <attribute name="bundle-version" value="1.0.10" type="Version"/>
      <attribute name="version" value="1.0.10" type="Version"/>
      <attribute name="osgi.wiring.package" value="org.apache.felix.gogo.runtime.activator"/>
      <attribute name="bnd.hashes" value="1165,1166,1167,-2086606091,1318678729" type="List&lt;Long&gt;"/>
    </capability>
    <capability namespace="osgi.wiring.package">
      <directive name="uses" value="org.apache.felix.service.threadio"/>
      <attribute name="bundle-symbolic-name" value="org.apache.felix.gogo.runtime"/>
      <attribute name="bundle-version" value="1.0.10" type="Version"/>
      <attribute name="version" value="1.0.10" type="Version"/>
      <attribute name="osgi.wiring.package" value="org.apache.felix.gogo.runtime.threadio"/>
      <attribute name="bnd.hashes" value="-1997438886,1165,-768209136,-311712928,-339015677" type="List&lt;Long&gt;"/>
    </capability>
    <capability namespace="osgi.wiring.bundle">
      <attribute name="bundle-version" value="1.0.10" type="Version"/>
      <attribute name="osgi.wiring.bundle" value="org.apache.felix.gogo.runtime"/>
    </capability>
    <capability namespace="osgi.wiring.host">
      <attribute name="bundle-version" value="1.0.10" type="Version"/>
      <attribute name="osgi.wiring.host" value="org.apache.felix.gogo.runtime"/>
    </capability>
    <capability namespace="osgi.content">
      <attribute name="size" value="193802" type="Long"/>
      <attribute name="url" value="file:/home/vietmaihoang/.m2/repository/org/apache/felix/org.apache.felix.gogo.runtime/1.0.10/org.apache.felix.gogo.runtime-1.0.10.jar"/>
      <attribute name="mime" value="application/vnd.osgi.bundle"/>
      <attribute name="osgi.content" value="D581BBD9DC14F662382F3B209E1DB9D495595BF96AF4EE8E3976F0B57C90E224"/>
    </capability>
    <capability namespace="osgi.service">
      <directive name="effective" value="active"/>
      <attribute name="objectClass" value="org.apache.felix.service.threadio.ThreadIO"/>
    </capability>
    <capability namespace="osgi.service">
      <directive name="effective" value="active"/>
      <attribute name="objectClass" value="org.apache.felix.service.command.CommandProcessor"/>
    </capability>
    <requirement namespace="osgi.wiring.package">
      <directive name="filter" value="(&amp;(osgi.wiring.package=org.osgi.service.event)(version&gt;=1.3.0)(!(version&gt;=2.0.0)))"/>
      <directive name="resolution" value="optional"/>
      <attribute name="osgi.wiring.package" value="org.osgi.service.event"/>
    </requirement>
    <requirement namespace="osgi.wiring.package">
      <directive name="filter" value="(&amp;(osgi.wiring.package=org.apache.felix.gogo.runtime)(version&gt;=1.0.0)(!(version&gt;=2.0.0)))"/>
      <attribute name="osgi.wiring.package" value="org.apache.felix.gogo.runtime"/>
    </requirement>
    <requirement namespace="osgi.wiring.package">
      <directive name="filter" value="(&amp;(osgi.wiring.package=org.apache.felix.gogo.runtime.threadio)(version&gt;=1.0.0)(!(version&gt;=2.0.0)))"/>
      <attribute name="osgi.wiring.package" value="org.apache.felix.gogo.runtime.threadio"/>
    </requirement>
    <requirement namespace="osgi.wiring.package">
      <directive name="filter" value="(&amp;(osgi.wiring.package=org.apache.felix.service.command)(version&gt;=1.0.0)(!(version&gt;=2.0.0)))"/>
      <attribute name="osgi.wiring.package" value="org.apache.felix.service.command"/>
    </requirement>
    <requirement namespace="osgi.wiring.package">
      <directive name="filter" value="(&amp;(osgi.wiring.package=org.apache.felix.service.threadio)(version&gt;=1.0.0)(!(version&gt;=2.0.0)))"/>
      <attribute name="osgi.wiring.package" value="org.apache.felix.service.threadio"/>
    </requirement>
    <requirement namespace="osgi.wiring.package">
      <directive name="filter" value="(&amp;(osgi.wiring.package=org.osgi.framework)(version&gt;=1.6.0)(!(version&gt;=2.0.0)))"/>
      <attribute name="osgi.wiring.package" value="org.osgi.framework"/>
    </requirement>
    <requirement namespace="osgi.wiring.package">
      <directive name="filter" value="(&amp;(osgi.wiring.package=org.osgi.util.tracker)(version&gt;=1.5.0)(!(version&gt;=2.0.0)))"/>
      <attribute name="osgi.wiring.package" value="org.osgi.util.tracker"/>
    </requirement>
    <requirement namespace="osgi.ee">
      <directive name="filter" value="(&amp;(osgi.ee=JavaSE)(version=1.7))"/>
    </requirement>
  </resource>
  <resource>
    <capability namespace="osgi.identity">
      <attribute name="license" value="http://www.apache.org/licenses/LICENSE-2.0.txt"/>
      <attribute name="osgi.identity" value="org.apache.felix.gogo.command"/>
      <attribute name="type" value="osgi.bundle"/>
      <attribute name="version" value="1.0.2" type="Version"/>
      <attribute name="documentation" value="http://www.apache.org/"/>
    </capability>
    <capability namespace="osgi.wiring.package">
      <directive name="uses" value="org.osgi.framework"/>
      <attribute name="bundle-symbolic-name" value="org.apache.felix.gogo.command"/>
      <attribute name="bundle-version" value="1.0.2" type="Version"/>
      <attribute name="version" value="1.3.0" type="Version"/>
      <attribute name="osgi.wiring.package" value="org.osgi.service.log"/>
      <attribute name="bnd.hashes" value="2054177710,459075576,-1361742930,1955537649,-1923478059" type="List&lt;Long&gt;"/>
    </capability>
    <capability namespace="osgi.wiring.bundle">
      <attribute name="bundle-version" value="1.0.2" type="Version"/>
      <attribute name="osgi.wiring.bundle" value="org.apache.felix.gogo.command"/>
    </capability>
    <capability namespace="osgi.wiring.host">
      <attribute name="bundle-version" value="1.0.2" type="Version"/>
      <attribute name="osgi.wiring.host" value="org.apache.felix.gogo.command"/>
    </capability>
    <capability namespace="osgi.content">
      <attribute name="size" value="46575" type="Long"/>
      <attribute name="url" value="file:/home/vietmaihoang/.m2/repository/org/apache/felix/org.apache.felix.gogo.command/1.0.2/org.apache.felix.gogo.command-1.0.2.jar"/>
      <attribute name="mime" value="application/vnd.osgi.bundle"/>
      <attribute name="osgi.content" value="015D5F435F682E30B173F625DF8032AC63A51545F7A5275A54AD95C8A6ADA73E"/>
    </capability>
    <requirement namespace="osgi.wiring.package">
      <directive name="filter" value="(&amp;(osgi.wiring.package=org.apache.felix.service.command)(version&gt;=1.0.0)(!(version&gt;=2.0.0)))"/>
      <attribute name="osgi.wiring.package" value="org.apache.felix.service.command"/>
    </requirement>
    <requirement namespace="osgi.wiring.package">
      <directive name="filter" value="(&amp;(osgi.wiring.package=org.osgi.framework)(version&gt;=1.5.0)(!(version&gt;=2.0.0)))"/>
      <attribute name="osgi.wiring.package" value="org.osgi.framework"/>
    </requirement>
    <requirement namespace="osgi.wiring.package">
      <directive name="filter" value="(&amp;(osgi.wiring.package=org.osgi.framework.wiring)(version&gt;=1.0.0)(!(version&gt;=2.0.0)))"/>
      <directive name="resolution" value="optional"/>
      <attribute name="osgi.wiring.package" value="org.osgi.framework.wiring"/>
    </requirement>
    <requirement namespace="osgi.wiring.package">
      <directive name="filter" value="(&amp;(osgi.wiring.package=org.osgi.service.log)(version&gt;=1.3.0)(!(version&gt;=2.0.0)))"/>
      <attribute name="osgi.wiring.package" value="org.osgi.service.log"/>
    </requirement>
    <requirement namespace="osgi.wiring.package">
      <directive name="filter" value="(&amp;(osgi.wiring.package=org.osgi.service.packageadmin)(version&gt;=1.2.0)(!(version&gt;=2.0.0)))"/>
      <attribute name="osgi.wiring.package" value="org.osgi.service.packageadmin"/>
    </requirement>
    <requirement namespace="osgi.wiring.package">
      <directive name="filter" value="(&amp;(osgi.wiring.package=org.osgi.service.startlevel)(version&gt;=1.1.0)(!(version&gt;=2.0.0)))"/>
      <attribute name="osgi.wiring.package" value="org.osgi.service.startlevel"/>
    </requirement>
    <requirement namespace="osgi.ee">
      <directive name="filter" value="(&amp;(osgi.ee=JavaSE)(version=1.7))"/>
    </requirement>
  </resource>
  <resource>
    <capability namespace="osgi.identity">
      <attribute name="osgi.identity" value="com.lablicate.app"/>
      <attribute name="type" value="osgi.bundle"/>
      <attribute name="version" value="0.0.1.202302220601" type="Version"/>
    </capability>
    <capability namespace="osgi.wiring.bundle">
      <attribute name="bundle-version" value="0.0.1.202302220601" type="Version"/>
      <attribute name="osgi.wiring.bundle" value="com.lablicate.app"/>
    </capability>
    <capability namespace="osgi.wiring.host">
      <attribute name="bundle-version" value="0.0.1.202302220601" type="Version"/>
      <attribute name="osgi.wiring.host" value="com.lablicate.app"/>
    </capability>
    <capability namespace="osgi.content">
      <attribute name="size" value="3634" type="Long"/>
      <attribute name="url" value="file:/home/vietmaihoang/openchrom-cloud-workspace/server/app/target/app-0.0.1-SNAPSHOT.jar"/>
      <attribute name="mime" value="application/vnd.osgi.bundle"/>
      <attribute name="osgi.content" value="528D1253276CFA7A30F0011298716D2AB723EAE313C9335710EC92C0F7FC081D"/>
    </capability>
    <requirement namespace="osgi.wiring.package">
      <directive name="filter" value="(osgi.wiring.package=java.lang)"/>
      <attribute name="osgi.wiring.package" value="java.lang"/>
    </requirement>
    <requirement namespace="osgi.ee">
      <directive name="filter" value="(&amp;(osgi.ee=JavaSE)(version=17))"/>
    </requirement>
    <requirement namespace="osgi.extender">
      <directive name="filter" value="(&amp;(osgi.extender=osgi.configurator)(version&gt;=1.0.0)(!(version&gt;=2.0.0)))"/>
    </requirement>
  </resource>
</repository>
